# JRE version: Java(TM) SE Runtime Environment (8.0_201-b09) (build 1.8.0_201-b09)
# Java VM: Java HotSpot(TM) 64-Bit Server VM (25.201-b09 mixed mode windows-amd64 compressed oops)
Heap:
 PSYoungGen      total 286720K, used 245693K [0x00000000e1180000, 0x00000000fd900000, 0x0000000100000000)
  eden space 246272K, 99% used [0x00000000e1180000,0x00000000f01475b0,0x00000000f0200000)
  from space 40448K, 0% used [0x00000000f8a00000,0x00000000f8a28000,0x00000000fb180000)
  to   space 39936K, 0% used [0x00000000fb200000,0x00000000fb200000,0x00000000fd900000)
 ParOldGen       total 122368K, used 73421K [0x00000000a3400000, 0x00000000aab80000, 0x00000000e1180000)
  object space 122368K, 60% used [0x00000000a3400000,0x00000000a7bb3668,0x00000000aab80000)
 Metaspace       used 18429K, capacity 18708K, committed 18816K, reserved 1067008K
  class space    used 2075K, capacity 2158K, committed 2176K, reserved 1048576K
GC Heap History (10 events):
Event: 5305.063 GC heap before
{Heap before GC invocations=11 (full 1):
 PSYoungGen      total 206848K, used 195836K [0x00000000e1180000, 0x00000000f6600000, 0x0000000100000000)
  eden space 169472K, 100% used [0x00000000e1180000,0x00000000eb700000,0x00000000eb700000)
  from space 37376K, 70% used [0x00000000eb700000,0x00000000ed0bf2f8,0x00000000edb80000)
  to   space 38912K, 0% used [0x00000000f4000000,0x00000000f4000000,0x00000000f6600000)
 ParOldGen       total 104960K, used 60909K [0x00000000a3400000, 0x00000000a9a80000, 0x00000000e1180000)
  object space 104960K, 58% used [0x00000000a3400000,0x00000000a6f7b700,0x00000000a9a80000)
 Metaspace       used 18051K, capacity 18316K, committed 18560K, reserved 1064960K
  class space    used 2069K, capacity 2158K, committed 2176K, reserved 1048576K
Event: 5305.105 GC heap after
Heap after GC invocations=11 (full 1):
 PSYoungGen      total 308736K, used 224K [0x00000000e1180000, 0x00000000f6780000, 0x0000000100000000)
  eden space 269824K, 0% used [0x00000000e1180000,0x00000000e1180000,0x00000000f1900000)
  from space 38912K, 0% used [0x00000000f4000000,0x00000000f4038000,0x00000000f6600000)
  to   space 39936K, 0% used [0x00000000f1900000,0x00000000f1900000,0x00000000f4000000)
 ParOldGen       total 104960K, used 87146K [0x00000000a3400000, 0x00000000a9a80000, 0x00000000e1180000)
  object space 104960K, 83% used [0x00000000a3400000,0x00000000a891a9f8,0x00000000a9a80000)
 Metaspace       used 18051K, capacity 18316K, committed 18560K, reserved 1064960K
  class space    used 2069K, capacity 2158K, committed 2176K, reserved 1048576K
}
Event: 5305.105 GC heap before
{Heap before GC invocations=12 (full 2):
 PSYoungGen      total 308736K, used 224K [0x00000000e1180000, 0x00000000f6780000, 0x0000000100000000)
  eden space 269824K, 0% used [0x00000000e1180000,0x00000000e1180000,0x00000000f1900000)
  from space 38912K, 0% used [0x00000000f4000000,0x00000000f4038000,0x00000000f6600000)
  to   space 39936K, 0% used [0x00000000f1900000,0x00000000f1900000,0x00000000f4000000)
 ParOldGen       total 104960K, used 87146K [0x00000000a3400000, 0x00000000a9a80000, 0x00000000e1180000)
  object space 104960K, 83% used [0x00000000a3400000,0x00000000a891a9f8,0x00000000a9a80000)
 Metaspace       used 18051K, capacity 18316K, committed 18560K, reserved 1064960K
  class space    used 2069K, capacity 2158K, committed 2176K, reserved 1048576K
Event: 5305.543 GC heap after
Heap after GC invocations=12 (full 2):
 PSYoungGen      total 308736K, used 0K [0x00000000e1180000, 0x00000000f6780000, 0x0000000100000000)
  eden space 269824K, 0% used [0x00000000e1180000,0x00000000e1180000,0x00000000f1900000)
  from space 38912K, 0% used [0x00000000f4000000,0x00000000f4000000,0x00000000f6600000)
  to   space 39936K, 0% used [0x00000000f1900000,0x00000000f1900000,0x00000000f4000000)
 ParOldGen       total 122368K, used 73213K [0x00000000a3400000, 0x00000000aab80000, 0x00000000e1180000)
  object space 122368K, 59% used [0x00000000a3400000,0x00000000a7b7f668,0x00000000aab80000)
 Metaspace       used 18049K, capacity 18310K, committed 18560K, reserved 1064960K
  class space    used 2068K, capacity 2157K, committed 2176K, reserved 1048576K
}
Event: 5314.104 GC heap before
{Heap before GC invocations=13 (full 2):
 PSYoungGen      total 308736K, used 269824K [0x00000000e1180000, 0x00000000f6780000, 0x0000000100000000)
  eden space 269824K, 100% used [0x00000000e1180000,0x00000000f1900000,0x00000000f1900000)
  from space 38912K, 0% used [0x00000000f4000000,0x00000000f4000000,0x00000000f6600000)
  to   space 39936K, 0% used [0x00000000f1900000,0x00000000f1900000,0x00000000f4000000)
 ParOldGen       total 122368K, used 73213K [0x00000000a3400000, 0x00000000aab80000, 0x00000000e1180000)
  object space 122368K, 59% used [0x00000000a3400000,0x00000000a7b7f668,0x00000000aab80000)
 Metaspace       used 18281K, capacity 18572K, committed 18816K, reserved 1067008K
  class space    used 2075K, capacity 2158K, committed 2176K, reserved 1048576K
Event: 5314.106 GC heap after
Heap after GC invocations=13 (full 2):
 PSYoungGen      total 309760K, used 445K [0x00000000e1180000, 0x0000000100000000, 0x0000000100000000)
  eden space 269824K, 0% used [0x00000000e1180000,0x00000000e1180000,0x00000000f1900000)
  from space 39936K, 1% used [0x00000000f1900000,0x00000000f196f7d8,0x00000000f4000000)
  to   space 40448K, 0% used [0x00000000fd880000,0x00000000fd880000,0x0000000100000000)
 ParOldGen       total 122368K, used 73221K [0x00000000a3400000, 0x00000000aab80000, 0x00000000e1180000)
  object space 122368K, 59% used [0x00000000a3400000,0x00000000a7b81668,0x00000000aab80000)
 Metaspace       used 18281K, capacity 18572K, committed 18816K, reserved 1067008K
  class space    used 2075K, capacity 2158K, committed 2176K, reserved 1048576K
}
Event: 5323.002 GC heap before
{Heap before GC invocations=14 (full 2):
 PSYoungGen      total 309760K, used 270269K [0x00000000e1180000, 0x0000000100000000, 0x0000000100000000)
  eden space 269824K, 100% used [0x00000000e1180000,0x00000000f1900000,0x00000000f1900000)
  from space 39936K, 1% used [0x00000000f1900000,0x00000000f196f7d8,0x00000000f4000000)
  to   space 40448K, 0% used [0x00000000fd880000,0x00000000fd880000,0x0000000100000000)
 ParOldGen       total 122368K, used 73221K [0x00000000a3400000, 0x00000000aab80000, 0x00000000e1180000)
  object space 122368K, 59% used [0x00000000a3400000,0x00000000a7b81668,0x00000000aab80000)
 Metaspace       used 18350K, capacity 18640K, committed 18816K, reserved 1067008K
  class space    used 2075K, capacity 2158K, committed 2176K, reserved 1048576K
Event: 5323.005 GC heap after
Heap after GC invocations=14 (full 2):
 PSYoungGen      total 258048K, used 192K [0x00000000e1180000, 0x00000000fd900000, 0x0000000100000000)
  eden space 257536K, 0% used [0x00000000e1180000,0x00000000e1180000,0x00000000f0d00000)
  from space 512K, 37% used [0x00000000fd880000,0x00000000fd8b0000,0x00000000fd900000)
  to   space 40448K, 0% used [0x00000000f8a00000,0x00000000f8a00000,0x00000000fb180000)
 ParOldGen       total 122368K, used 73405K [0x00000000a3400000, 0x00000000aab80000, 0x00000000e1180000)
  object space 122368K, 59% used [0x00000000a3400000,0x00000000a7baf668,0x00000000aab80000)
 Metaspace       used 18350K, capacity 18640K, committed 18816K, reserved 1067008K
  class space    used 2075K, capacity 2158K, committed 2176K, reserved 1048576K
}
Event: 5336.688 GC heap before
{Heap before GC invocations=15 (full 2):
 PSYoungGen      total 258048K, used 257728K [0x00000000e1180000, 0x00000000fd900000, 0x0000000100000000)
  eden space 257536K, 100% used [0x00000000e1180000,0x00000000f0d00000,0x00000000f0d00000)
  from space 512K, 37% used [0x00000000fd880000,0x00000000fd8b0000,0x00000000fd900000)
  to   space 40448K, 0% used [0x00000000f8a00000,0x00000000f8a00000,0x00000000fb180000)
 ParOldGen       total 122368K, used 73405K [0x00000000a3400000, 0x00000000aab80000, 0x00000000e1180000)
  object space 122368K, 59% used [0x00000000a3400000,0x00000000a7baf668,0x00000000aab80000)
 Metaspace       used 18398K, capacity 18704K, committed 18816K, reserved 1067008K
  class space    used 2075K, capacity 2158K, committed 2176K, reserved 1048576K
Event: 5336.690 GC heap after
Heap after GC invocations=15 (full 2):
 PSYoungGen      total 286720K, used 160K [0x00000000e1180000, 0x00000000fd900000, 0x0000000100000000)
  eden space 246272K, 0% used [0x00000000e1180000,0x00000000e1180000,0x00000000f0200000)
  from space 40448K, 0% used [0x00000000f8a00000,0x00000000f8a28000,0x00000000fb180000)
  to   space 39936K, 0% used [0x00000000fb200000,0x00000000fb200000,0x00000000fd900000)
 ParOldGen       total 122368K, used 73421K [0x00000000a3400000, 0x00000000aab80000, 0x00000000e1180000)
  object space 122368K, 60% used [0x00000000a3400000,0x00000000a7bb3668,0x00000000aab80000)
 Metaspace       used 18398K, capacity 18704K, committed 18816K, reserved 1067008K
  class space    used 2075K, capacity 2158K, committed 2176K, reserved 1048576K
}

